# JRE version: OpenJDK Runtime Environment (11.0.12+7) (build 11.0.12+7-b1504.28-7817840)
# Java VM: OpenJDK 64-Bit Server VM (11.0.12+7-b1504.28-7817840, mixed mode, tiered, compressed oops, g1 gc, windows-amd64)
Heap:
 garbage-first heap   total 167936K, used 102960K [0x0000000080000000, 0x0000000100000000)
  region size 1024K, 34 young (34816K), 7 survivors (7168K)
 Metaspace       used 88832K, capacity 91261K, committed 91392K, reserved 1128448K
  class space    used 11577K, capacity 12498K, committed 12544K, reserved 1048576K
GC Heap History (20 events):
Event: 8.985 GC heap before
{Heap before GC invocations=16 (full 0):
 garbage-first heap   total 115712K, used 86206K [0x0000000080000000, 0x0000000100000000)
  region size 1024K, 41 young (41984K), 2 survivors (2048K)
 Metaspace       used 63144K, capacity 64757K, committed 64896K, reserved 1105920K
  class space    used 8003K, capacity 8576K, committed 8576K, reserved 1048576K
}
Event: 8.991 GC heap after
{Heap after GC invocations=17 (full 0):
 garbage-first heap   total 115712K, used 50570K [0x0000000080000000, 0x0000000100000000)
  region size 1024K, 6 young (6144K), 6 survivors (6144K)
 Metaspace       used 63144K, capacity 64757K, committed 64896K, reserved 1105920K
  class space    used 8003K, capacity 8576K, committed 8576K, reserved 1048576K
}
Event: 9.373 GC heap before
{Heap before GC invocations=17 (full 0):
 garbage-first heap   total 115712K, used 89482K [0x0000000080000000, 0x0000000100000000)
  region size 1024K, 44 young (45056K), 6 survivors (6144K)
 Metaspace       used 66307K, capacity 67904K, committed 68224K, reserved 1107968K
  class space    used 8415K, capacity 9016K, committed 9088K, reserved 1048576K
}
Event: 9.378 GC heap after
{Heap after GC invocations=18 (full 0):
 garbage-first heap   total 115712K, used 52931K [0x0000000080000000, 0x0000000100000000)
  region size 1024K, 3 young (3072K), 3 survivors (3072K)
 Metaspace       used 66307K, capacity 67904K, committed 68224K, reserved 1107968K
  class space    used 8415K, capacity 9016K, committed 9088K, reserved 1048576K
}
Event: 9.592 GC heap before
{Heap before GC invocations=18 (full 0):
 garbage-first heap   total 115712K, used 90819K [0x0000000080000000, 0x0000000100000000)
  region size 1024K, 40 young (40960K), 3 survivors (3072K)
 Metaspace       used 67014K, capacity 68714K, committed 68864K, reserved 1110016K
  class space    used 8524K, capacity 9157K, committed 9216K, reserved 1048576K
}
Event: 9.598 GC heap after
{Heap after GC invocations=19 (full 0):
 garbage-first heap   total 115712K, used 55884K [0x0000000080000000, 0x0000000100000000)
  region size 1024K, 5 young (5120K), 5 survivors (5120K)
 Metaspace       used 67014K, capacity 68714K, committed 68864K, reserved 1110016K
  class space    used 8524K, capacity 9157K, committed 9216K, reserved 1048576K
}
Event: 10.141 GC heap before
{Heap before GC invocations=19 (full 0):
 garbage-first heap   total 115712K, used 92748K [0x0000000080000000, 0x0000000100000000)
  region size 1024K, 41 young (41984K), 5 survivors (5120K)
 Metaspace       used 71790K, capacity 73446K, committed 73728K, reserved 1114112K
  class space    used 9308K, capacity 9942K, committed 9984K, reserved 1048576K
}
Event: 10.147 GC heap after
{Heap after GC invocations=20 (full 0):
 garbage-first heap   total 115712K, used 58356K [0x0000000080000000, 0x0000000100000000)
  region size 1024K, 3 young (3072K), 3 survivors (3072K)
 Metaspace       used 71790K, capacity 73446K, committed 73728K, reserved 1114112K
  class space    used 9308K, capacity 9942K, committed 9984K, reserved 1048576K
}
Event: 10.594 GC heap before
{Heap before GC invocations=20 (full 0):
 garbage-first heap   total 115712K, used 94196K [0x0000000080000000, 0x0000000100000000)
  region size 1024K, 38 young (38912K), 3 survivors (3072K)
 Metaspace       used 74827K, capacity 76624K, committed 76800K, reserved 1116160K
  class space    used 9757K, capacity 10388K, committed 10496K, reserved 1048576K
}
Event: 10.603 GC heap after
{Heap after GC invocations=21 (full 0):
 garbage-first heap   total 139264K, used 60310K [0x0000000080000000, 0x0000000100000000)
  region size 1024K, 5 young (5120K), 5 survivors (5120K)
 Metaspace       used 74827K, capacity 76624K, committed 76800K, reserved 1116160K
  class space    used 9757K, capacity 10388K, committed 10496K, reserved 1048576K
}
Event: 11.191 GC heap before
{Heap before GC invocations=22 (full 0):
 garbage-first heap   total 139264K, used 104342K [0x0000000080000000, 0x0000000100000000)
  region size 1024K, 48 young (49152K), 5 survivors (5120K)
 Metaspace       used 79548K, capacity 81370K, committed 81536K, reserved 1120256K
  class space    used 10368K, capacity 11054K, committed 11136K, reserved 1048576K
}
Event: 11.198 GC heap after
{Heap after GC invocations=23 (full 0):
 garbage-first heap   total 139264K, used 63228K [0x0000000080000000, 0x0000000100000000)
  region size 1024K, 5 young (5120K), 5 survivors (5120K)
 Metaspace       used 79548K, capacity 81370K, committed 81536K, reserved 1120256K
  class space    used 10368K, capacity 11054K, committed 11136K, reserved 1048576K
}
Event: 11.939 GC heap before
{Heap before GC invocations=23 (full 0):
 garbage-first heap   total 139264K, used 107260K [0x0000000080000000, 0x0000000100000000)
  region size 1024K, 49 young (50176K), 5 survivors (5120K)
 Metaspace       used 83558K, capacity 85602K, committed 85632K, reserved 1124352K
  class space    used 10875K, capacity 11631K, committed 11648K, reserved 1048576K
}
Event: 11.950 GC heap after
{Heap after GC invocations=24 (full 0):
 garbage-first heap   total 139264K, used 67784K [0x0000000080000000, 0x0000000100000000)
  region size 1024K, 7 young (7168K), 7 survivors (7168K)
 Metaspace       used 83558K, capacity 85602K, committed 85632K, reserved 1124352K
  class space    used 10875K, capacity 11631K, committed 11648K, reserved 1048576K
}
Event: 12.405 GC heap before
{Heap before GC invocations=24 (full 0):
 garbage-first heap   total 139264K, used 108744K [0x0000000080000000, 0x0000000100000000)
  region size 1024K, 48 young (49152K), 7 survivors (7168K)
 Metaspace       used 84511K, capacity 86833K, committed 87040K, reserved 1124352K
  class space    used 11062K, capacity 11958K, committed 12032K, reserved 1048576K
}
Event: 12.420 GC heap after
{Heap after GC invocations=25 (full 0):
 garbage-first heap   total 139264K, used 71400K [0x0000000080000000, 0x0000000100000000)
  region size 1024K, 4 young (4096K), 4 survivors (4096K)
 Metaspace       used 84511K, capacity 86833K, committed 87040K, reserved 1124352K
  class space    used 11062K, capacity 11958K, committed 12032K, reserved 1048576K
}
Event: 12.897 GC heap before
{Heap before GC invocations=25 (full 0):
 garbage-first heap   total 139264K, used 110312K [0x0000000080000000, 0x0000000100000000)
  region size 1024K, 43 young (44032K), 4 survivors (4096K)
 Metaspace       used 85068K, capacity 87449K, committed 87552K, reserved 1124352K
  class space    used 11107K, capacity 12015K, committed 12032K, reserved 1048576K
}
Event: 12.909 GC heap after
{Heap after GC invocations=26 (full 0):
 garbage-first heap   total 167936K, used 73723K [0x0000000080000000, 0x0000000100000000)
  region size 1024K, 6 young (6144K), 6 survivors (6144K)
 Metaspace       used 85068K, capacity 87449K, committed 87552K, reserved 1124352K
  class space    used 11107K, capacity 12015K, committed 12032K, reserved 1048576K
}
Event: 13.566 GC heap before
{Heap before GC invocations=27 (full 0):
 garbage-first heap   total 167936K, used 123899K [0x0000000080000000, 0x0000000100000000)
  region size 1024K, 56 young (57344K), 6 survivors (6144K)
 Metaspace       used 85711K, capacity 88103K, committed 88448K, reserved 1126400K
  class space    used 11157K, capacity 12060K, committed 12160K, reserved 1048576K
}
Event: 13.582 GC heap after
{Heap after GC invocations=28 (full 0):
 garbage-first heap   total 167936K, used 77360K [0x0000000080000000, 0x0000000100000000)
  region size 1024K, 7 young (7168K), 7 survivors (7168K)
 Metaspace       used 85711K, capacity 88103K, committed 88448K, reserved 1126400K
  class space    used 11157K, capacity 12060K, committed 12160K, reserved 1048576K
}

