# JRE version: OpenJDK Runtime Environment (11.0.12+7) (build 11.0.12+7-b1504.28-7817840)
# Java VM: OpenJDK 64-Bit Server VM (11.0.12+7-b1504.28-7817840, mixed mode, tiered, compressed oops, g1 gc, windows-amd64)
Heap:
 garbage-first heap   total 201728K, used 96716K [0x0000000080000000, 0x0000000100000000)
  region size 1024K, 1 young (1024K), 1 survivors (1024K)
 Metaspace       used 110973K, capacity 113958K, committed 118180K, reserved 1150976K
  class space    used 14202K, capacity 15289K, committed 16972K, reserved 1048576K
GC Heap History (20 events):
Event: 29.218 GC heap after
{Heap after GC invocations=38 (full 0):
 garbage-first heap   total 167936K, used 103265K [0x0000000080000000, 0x0000000100000000)
  region size 1024K, 5 young (5120K), 5 survivors (5120K)
 Metaspace       used 101243K, capacity 104107K, committed 104356K, reserved 1140736K
  class space    used 13064K, capacity 14111K, committed 14156K, reserved 1048576K
}
Event: 29.531 GC heap before
{Heap before GC invocations=39 (full 0):
 garbage-first heap   total 167936K, used 133985K [0x0000000080000000, 0x0000000100000000)
  region size 1024K, 38 young (38912K), 5 survivors (5120K)
 Metaspace       used 105037K, capacity 108640K, committed 108836K, reserved 1142784K
  class space    used 13825K, capacity 15242K, committed 15308K, reserved 1048576K
}
Event: 29.541 GC heap after
{Heap after GC invocations=40 (full 0):
 garbage-first heap   total 167936K, used 104622K [0x0000000080000000, 0x0000000100000000)
  region size 1024K, 5 young (5120K), 5 survivors (5120K)
 Metaspace       used 105037K, capacity 108640K, committed 108836K, reserved 1142784K
  class space    used 13825K, capacity 15242K, committed 15308K, reserved 1048576K
}
Event: 29.561 GC heap before
{Heap before GC invocations=40 (full 0):
 garbage-first heap   total 167936K, used 107694K [0x0000000080000000, 0x0000000100000000)
  region size 1024K, 8 young (8192K), 5 survivors (5120K)
 Metaspace       used 105314K, capacity 108955K, committed 109220K, reserved 1142784K
  class space    used 13876K, capacity 15304K, committed 15436K, reserved 1048576K
}
Event: 29.567 GC heap after
{Heap after GC invocations=41 (full 0):
 garbage-first heap   total 167936K, used 103103K [0x0000000080000000, 0x0000000100000000)
  region size 1024K, 1 young (1024K), 1 survivors (1024K)
 Metaspace       used 105314K, capacity 108955K, committed 109220K, reserved 1142784K
  class space    used 13876K, capacity 15304K, committed 15436K, reserved 1048576K
}
Event: 29.837 GC heap before
{Heap before GC invocations=41 (full 0):
 garbage-first heap   total 167936K, used 136895K [0x0000000080000000, 0x0000000100000000)
  region size 1024K, 35 young (35840K), 1 survivors (1024K)
 Metaspace       used 109630K, capacity 114029K, committed 114212K, reserved 1146880K
  class space    used 14736K, capacity 16472K, committed 16588K, reserved 1048576K
}
Event: 29.842 GC heap after
{Heap after GC invocations=42 (full 0):
 garbage-first heap   total 167936K, used 104411K [0x0000000080000000, 0x0000000100000000)
  region size 1024K, 3 young (3072K), 3 survivors (3072K)
 Metaspace       used 109630K, capacity 114029K, committed 114212K, reserved 1146880K
  class space    used 14736K, capacity 16472K, committed 16588K, reserved 1048576K
}
Event: 30.142 GC heap before
{Heap before GC invocations=43 (full 0):
 garbage-first heap   total 167936K, used 135131K [0x0000000080000000, 0x0000000100000000)
  region size 1024K, 37 young (37888K), 3 survivors (3072K)
 Metaspace       used 109787K, capacity 113416K, committed 115876K, reserved 1148928K
  class space    used 14402K, capacity 15772K, committed 16716K, reserved 1048576K
}
Event: 30.146 GC heap after
{Heap after GC invocations=44 (full 0):
 garbage-first heap   total 167936K, used 100756K [0x0000000080000000, 0x0000000100000000)
  region size 1024K, 2 young (2048K), 2 survivors (2048K)
 Metaspace       used 109787K, capacity 113416K, committed 115876K, reserved 1148928K
  class space    used 14402K, capacity 15772K, committed 16716K, reserved 1048576K
}
Event: 30.492 GC heap before
{Heap before GC invocations=44 (full 0):
 garbage-first heap   total 167936K, used 106900K [0x0000000080000000, 0x0000000100000000)
  region size 1024K, 8 young (8192K), 2 survivors (2048K)
 Metaspace       used 109901K, capacity 113564K, committed 116132K, reserved 1148928K
  class space    used 14404K, capacity 15773K, committed 16716K, reserved 1048576K
}
Event: 30.496 GC heap after
{Heap after GC invocations=45 (full 0):
 garbage-first heap   total 167936K, used 95697K [0x0000000080000000, 0x0000000100000000)
  region size 1024K, 1 young (1024K), 1 survivors (1024K)
 Metaspace       used 109901K, capacity 113564K, committed 116132K, reserved 1148928K
  class space    used 14404K, capacity 15773K, committed 16716K, reserved 1048576K
}
Event: 30.927 GC heap before
{Heap before GC invocations=45 (full 0):
 garbage-first heap   total 167936K, used 135633K [0x0000000080000000, 0x0000000100000000)
  region size 1024K, 41 young (41984K), 1 survivors (1024K)
 Metaspace       used 110532K, capacity 114216K, committed 116772K, reserved 1148928K
  class space    used 14478K, capacity 15853K, committed 16844K, reserved 1048576K
}
Event: 30.945 GC heap after
{Heap after GC invocations=46 (full 0):
 garbage-first heap   total 167936K, used 100078K [0x0000000080000000, 0x0000000100000000)
  region size 1024K, 6 young (6144K), 6 survivors (6144K)
 Metaspace       used 110532K, capacity 114216K, committed 116772K, reserved 1148928K
  class space    used 14478K, capacity 15853K, committed 16844K, reserved 1048576K
}
Event: 31.476 GC heap before
{Heap before GC invocations=47 (full 0):
 garbage-first heap   total 167936K, used 137966K [0x0000000080000000, 0x0000000100000000)
  region size 1024K, 43 young (44032K), 6 survivors (6144K)
 Metaspace       used 110712K, capacity 113798K, committed 117924K, reserved 1150976K
  class space    used 14232K, capacity 15349K, committed 16972K, reserved 1048576K
}
Event: 31.482 GC heap after
{Heap after GC invocations=48 (full 0):
 garbage-first heap   total 167936K, used 99897K [0x0000000080000000, 0x0000000100000000)
  region size 1024K, 1 young (1024K), 1 survivors (1024K)
 Metaspace       used 110712K, capacity 113798K, committed 117924K, reserved 1150976K
  class space    used 14232K, capacity 15349K, committed 16972K, reserved 1048576K
}
Event: 31.578 GC heap before
{Heap before GC invocations=48 (full 0):
 garbage-first heap   total 167936K, used 106041K [0x0000000080000000, 0x0000000100000000)
  region size 1024K, 8 young (8192K), 1 survivors (1024K)
 Metaspace       used 110727K, capacity 113799K, committed 117924K, reserved 1150976K
  class space    used 14232K, capacity 15349K, committed 16972K, reserved 1048576K
}
Event: 31.583 GC heap after
{Heap after GC invocations=49 (full 0):
 garbage-first heap   total 167936K, used 96282K [0x0000000080000000, 0x0000000100000000)
  region size 1024K, 1 young (1024K), 1 survivors (1024K)
 Metaspace       used 110727K, capacity 113799K, committed 117924K, reserved 1150976K
  class space    used 14232K, capacity 15349K, committed 16972K, reserved 1048576K
}
Event: 31.930 GC heap before
{Heap before GC invocations=49 (full 0):
 garbage-first heap   total 167936K, used 138266K [0x0000000080000000, 0x0000000100000000)
  region size 1024K, 42 young (43008K), 1 survivors (1024K)
 Metaspace       used 110982K, capacity 114099K, committed 118180K, reserved 1150976K
  class space    used 14257K, capacity 15383K, committed 16972K, reserved 1048576K
}
Event: 31.934 GC heap after
{Heap after GC invocations=50 (full 0):
 garbage-first heap   total 167936K, used 96491K [0x0000000080000000, 0x0000000100000000)
  region size 1024K, 1 young (1024K), 1 survivors (1024K)
 Metaspace       used 110982K, capacity 114099K, committed 118180K, reserved 1150976K
  class space    used 14257K, capacity 15383K, committed 16972K, reserved 1048576K
}
Event: 32.265 GC heap before
{Heap before GC invocations=51 (full 0):
 garbage-first heap   total 167936K, used 139499K [0x0000000080000000, 0x0000000100000000)
  region size 1024K, 43 young (44032K), 1 survivors (1024K)
 Metaspace       used 110973K, capacity 113958K, committed 118180K, reserved 1150976K
  class space    used 14202K, capacity 15289K, committed 16972K, reserved 1048576K
}

